<?xml version="1.0" encoding="UTF-8"?>
<testsuite xmlns:xsi="http://www.w3.org/2001/XMLSchema-instance" xsi:noNamespaceSchemaLocation="https://maven.apache.org/surefire/maven-surefire-plugin/xsd/surefire-test-report-3.0.xsd" version="3.0" name="com.firefly.idp.cognito.adapter.CognitoIdpAdapterTest" time="0.575" tests="10" errors="0" skipped="0" failures="0">
  <properties>
    <property name="java.specification.version" value="21"/>
    <property name="sun.jnu.encoding" value="UTF-8"/>
    <property name="java.class.path" value="/Users/ancongui/Development/firefly/lib-idp-aws-cognito-impl/target/test-classes:/Users/ancongui/Development/firefly/lib-idp-aws-cognito-impl/target/classes:/Users/ancongui/.m2/repository/com/firefly/lib-idp-adapter/1.0.0-SNAPSHOT/lib-idp-adapter-1.0.0-SNAPSHOT.jar:/Users/ancongui/.m2/repository/org/springframework/spring-webflux/6.1.3/spring-webflux-6.1.3.jar:/Users/ancongui/.m2/repository/org/springframework/spring-beans/6.1.3/spring-beans-6.1.3.jar:/Users/ancongui/.m2/repository/com/fasterxml/jackson/core/jackson-annotations/2.15.3/jackson-annotations-2.15.3.jar:/Users/ancongui/.m2/repository/com/fasterxml/jackson/core/jackson-databind/2.15.3/jackson-databind-2.15.3.jar:/Users/ancongui/.m2/repository/com/fasterxml/jackson/core/jackson-core/2.15.3/jackson-core-2.15.3.jar:/Users/ancongui/.m2/repository/software/amazon/awssdk/cognitoidentityprovider/2.20.26/cognitoidentityprovider-2.20.26.jar:/Users/ancongui/.m2/repository/software/amazon/awssdk/aws-json-protocol/2.20.26/aws-json-protocol-2.20.26.jar:/Users/ancongui/.m2/repository/software/amazon/awssdk/third-party-jackson-core/2.20.26/third-party-jackson-core-2.20.26.jar:/Users/ancongui/.m2/repository/software/amazon/awssdk/protocol-core/2.20.26/protocol-core-2.20.26.jar:/Users/ancongui/.m2/repository/software/amazon/awssdk/sdk-core/2.20.26/sdk-core-2.20.26.jar:/Users/ancongui/.m2/repository/software/amazon/awssdk/profiles/2.20.26/profiles-2.20.26.jar:/Users/ancongui/.m2/repository/org/slf4j/slf4j-api/2.0.11/slf4j-api-2.0.11.jar:/Users/ancongui/.m2/repository/org/reactivestreams/reactive-streams/1.0.4/reactive-streams-1.0.4.jar:/Users/ancongui/.m2/repository/software/amazon/awssdk/auth/2.20.26/auth-2.20.26.jar:/Users/ancongui/.m2/repository/software/amazon/eventstream/eventstream/1.0.1/eventstream-1.0.1.jar:/Users/ancongui/.m2/repository/software/amazon/awssdk/http-client-spi/2.20.26/http-client-spi-2.20.26.jar:/Users/ancongui/.m2/repository/software/amazon/awssdk/regions/2.20.26/regions-2.20.26.jar:/Users/ancongui/.m2/repository/software/amazon/awssdk/annotations/2.20.26/annotations-2.20.26.jar:/Users/ancongui/.m2/repository/software/amazon/awssdk/utils/2.20.26/utils-2.20.26.jar:/Users/ancongui/.m2/repository/software/amazon/awssdk/aws-core/2.20.26/aws-core-2.20.26.jar:/Users/ancongui/.m2/repository/software/amazon/awssdk/metrics-spi/2.20.26/metrics-spi-2.20.26.jar:/Users/ancongui/.m2/repository/software/amazon/awssdk/json-utils/2.20.26/json-utils-2.20.26.jar:/Users/ancongui/.m2/repository/software/amazon/awssdk/endpoints-spi/2.20.26/endpoints-spi-2.20.26.jar:/Users/ancongui/.m2/repository/software/amazon/awssdk/apache-client/2.20.26/apache-client-2.20.26.jar:/Users/ancongui/.m2/repository/org/apache/httpcomponents/httpclient/4.5.13/httpclient-4.5.13.jar:/Users/ancongui/.m2/repository/org/apache/httpcomponents/httpcore/4.4.16/httpcore-4.4.16.jar:/Users/ancongui/.m2/repository/commons-codec/commons-codec/1.16.0/commons-codec-1.16.0.jar:/Users/ancongui/.m2/repository/software/amazon/awssdk/netty-nio-client/2.20.26/netty-nio-client-2.20.26.jar:/Users/ancongui/.m2/repository/io/netty/netty-codec-http/4.1.105.Final/netty-codec-http-4.1.105.Final.jar:/Users/ancongui/.m2/repository/io/netty/netty-codec-http2/4.1.105.Final/netty-codec-http2-4.1.105.Final.jar:/Users/ancongui/.m2/repository/io/netty/netty-codec/4.1.105.Final/netty-codec-4.1.105.Final.jar:/Users/ancongui/.m2/repository/io/netty/netty-transport/4.1.105.Final/netty-transport-4.1.105.Final.jar:/Users/ancongui/.m2/repository/io/netty/netty-resolver/4.1.105.Final/netty-resolver-4.1.105.Final.jar:/Users/ancongui/.m2/repository/io/netty/netty-common/4.1.105.Final/netty-common-4.1.105.Final.jar:/Users/ancongui/.m2/repository/io/netty/netty-buffer/4.1.105.Final/netty-buffer-4.1.105.Final.jar:/Users/ancongui/.m2/repository/io/netty/netty-handler/4.1.105.Final/netty-handler-4.1.105.Final.jar:/Users/ancongui/.m2/repository/io/netty/netty-transport-native-unix-common/4.1.105.Final/netty-transport-native-unix-common-4.1.105.Final.jar:/Users/ancongui/.m2/repository/io/netty/netty-transport-classes-epoll/4.1.105.Final/netty-transport-classes-epoll-4.1.105.Final.jar:/Users/ancongui/.m2/repository/org/springframework/boot/spring-boot-starter-webflux/3.2.2/spring-boot-starter-webflux-3.2.2.jar:/Users/ancongui/.m2/repository/org/springframework/boot/spring-boot-starter/3.2.2/spring-boot-starter-3.2.2.jar:/Users/ancongui/.m2/repository/org/springframework/boot/spring-boot/3.2.2/spring-boot-3.2.2.jar:/Users/ancongui/.m2/repository/org/springframework/spring-context/6.1.3/spring-context-6.1.3.jar:/Users/ancongui/.m2/repository/org/springframework/spring-aop/6.1.3/spring-aop-6.1.3.jar:/Users/ancongui/.m2/repository/org/springframework/spring-expression/6.1.3/spring-expression-6.1.3.jar:/Users/ancongui/.m2/repository/org/springframework/boot/spring-boot-autoconfigure/3.2.2/spring-boot-autoconfigure-3.2.2.jar:/Users/ancongui/.m2/repository/org/springframework/boot/spring-boot-starter-logging/3.2.2/spring-boot-starter-logging-3.2.2.jar:/Users/ancongui/.m2/repository/ch/qos/logback/logback-classic/1.4.14/logback-classic-1.4.14.jar:/Users/ancongui/.m2/repository/ch/qos/logback/logback-core/1.4.14/logback-core-1.4.14.jar:/Users/ancongui/.m2/repository/org/apache/logging/log4j/log4j-to-slf4j/2.21.1/log4j-to-slf4j-2.21.1.jar:/Users/ancongui/.m2/repository/org/apache/logging/log4j/log4j-api/2.21.1/log4j-api-2.21.1.jar:/Users/ancongui/.m2/repository/org/slf4j/jul-to-slf4j/2.0.11/jul-to-slf4j-2.0.11.jar:/Users/ancongui/.m2/repository/jakarta/annotation/jakarta.annotation-api/2.1.1/jakarta.annotation-api-2.1.1.jar:/Users/ancongui/.m2/repository/org/yaml/snakeyaml/2.2/snakeyaml-2.2.jar:/Users/ancongui/.m2/repository/org/springframework/boot/spring-boot-starter-json/3.2.2/spring-boot-starter-json-3.2.2.jar:/Users/ancongui/.m2/repository/com/fasterxml/jackson/datatype/jackson-datatype-jdk8/2.15.3/jackson-datatype-jdk8-2.15.3.jar:/Users/ancongui/.m2/repository/com/fasterxml/jackson/datatype/jackson-datatype-jsr310/2.15.3/jackson-datatype-jsr310-2.15.3.jar:/Users/ancongui/.m2/repository/com/fasterxml/jackson/module/jackson-module-parameter-names/2.15.3/jackson-module-parameter-names-2.15.3.jar:/Users/ancongui/.m2/repository/org/springframework/boot/spring-boot-starter-reactor-netty/3.2.2/spring-boot-starter-reactor-netty-3.2.2.jar:/Users/ancongui/.m2/repository/io/projectreactor/netty/reactor-netty-http/1.1.15/reactor-netty-http-1.1.15.jar:/Users/ancongui/.m2/repository/io/netty/netty-resolver-dns/4.1.105.Final/netty-resolver-dns-4.1.105.Final.jar:/Users/ancongui/.m2/repository/io/netty/netty-codec-dns/4.1.105.Final/netty-codec-dns-4.1.105.Final.jar:/Users/ancongui/.m2/repository/io/netty/netty-resolver-dns-native-macos/4.1.105.Final/netty-resolver-dns-native-macos-4.1.105.Final-osx-x86_64.jar:/Users/ancongui/.m2/repository/io/netty/netty-resolver-dns-classes-macos/4.1.105.Final/netty-resolver-dns-classes-macos-4.1.105.Final.jar:/Users/ancongui/.m2/repository/io/netty/netty-transport-native-epoll/4.1.105.Final/netty-transport-native-epoll-4.1.105.Final-linux-x86_64.jar:/Users/ancongui/.m2/repository/io/projectreactor/netty/reactor-netty-core/1.1.15/reactor-netty-core-1.1.15.jar:/Users/ancongui/.m2/repository/io/netty/netty-handler-proxy/4.1.105.Final/netty-handler-proxy-4.1.105.Final.jar:/Users/ancongui/.m2/repository/io/netty/netty-codec-socks/4.1.105.Final/netty-codec-socks-4.1.105.Final.jar:/Users/ancongui/.m2/repository/org/springframework/spring-web/6.1.3/spring-web-6.1.3.jar:/Users/ancongui/.m2/repository/io/micrometer/micrometer-observation/1.12.2/micrometer-observation-1.12.2.jar:/Users/ancongui/.m2/repository/io/micrometer/micrometer-commons/1.12.2/micrometer-commons-1.12.2.jar:/Users/ancongui/.m2/repository/org/springframework/boot/spring-boot-configuration-processor/3.2.2/spring-boot-configuration-processor-3.2.2.jar:/Users/ancongui/.m2/repository/org/projectlombok/lombok/1.18.30/lombok-1.18.30.jar:/Users/ancongui/.m2/repository/jakarta/validation/jakarta.validation-api/3.0.2/jakarta.validation-api-3.0.2.jar:/Users/ancongui/.m2/repository/org/springframework/boot/spring-boot-starter-test/3.2.2/spring-boot-starter-test-3.2.2.jar:/Users/ancongui/.m2/repository/org/springframework/boot/spring-boot-test/3.2.2/spring-boot-test-3.2.2.jar:/Users/ancongui/.m2/repository/org/springframework/boot/spring-boot-test-autoconfigure/3.2.2/spring-boot-test-autoconfigure-3.2.2.jar:/Users/ancongui/.m2/repository/com/jayway/jsonpath/json-path/2.8.0/json-path-2.8.0.jar:/Users/ancongui/.m2/repository/jakarta/xml/bind/jakarta.xml.bind-api/4.0.1/jakarta.xml.bind-api-4.0.1.jar:/Users/ancongui/.m2/repository/jakarta/activation/jakarta.activation-api/2.1.2/jakarta.activation-api-2.1.2.jar:/Users/ancongui/.m2/repository/net/minidev/json-smart/2.5.0/json-smart-2.5.0.jar:/Users/ancongui/.m2/repository/net/minidev/accessors-smart/2.5.0/accessors-smart-2.5.0.jar:/Users/ancongui/.m2/repository/org/ow2/asm/asm/9.3/asm-9.3.jar:/Users/ancongui/.m2/repository/org/assertj/assertj-core/3.24.2/assertj-core-3.24.2.jar:/Users/ancongui/.m2/repository/net/bytebuddy/byte-buddy/1.14.11/byte-buddy-1.14.11.jar:/Users/ancongui/.m2/repository/org/awaitility/awaitility/4.2.0/awaitility-4.2.0.jar:/Users/ancongui/.m2/repository/org/hamcrest/hamcrest/2.2/hamcrest-2.2.jar:/Users/ancongui/.m2/repository/org/junit/jupiter/junit-jupiter/5.10.1/junit-jupiter-5.10.1.jar:/Users/ancongui/.m2/repository/org/junit/jupiter/junit-jupiter-api/5.10.1/junit-jupiter-api-5.10.1.jar:/Users/ancongui/.m2/repository/org/opentest4j/opentest4j/1.3.0/opentest4j-1.3.0.jar:/Users/ancongui/.m2/repository/org/junit/platform/junit-platform-commons/1.10.1/junit-platform-commons-1.10.1.jar:/Users/ancongui/.m2/repository/org/apiguardian/apiguardian-api/1.1.2/apiguardian-api-1.1.2.jar:/Users/ancongui/.m2/repository/org/junit/jupiter/junit-jupiter-params/5.10.1/junit-jupiter-params-5.10.1.jar:/Users/ancongui/.m2/repository/org/junit/jupiter/junit-jupiter-engine/5.10.1/junit-jupiter-engine-5.10.1.jar:/Users/ancongui/.m2/repository/org/junit/platform/junit-platform-engine/1.10.1/junit-platform-engine-1.10.1.jar:/Users/ancongui/.m2/repository/org/mockito/mockito-core/5.7.0/mockito-core-5.7.0.jar:/Users/ancongui/.m2/repository/net/bytebuddy/byte-buddy-agent/1.14.11/byte-buddy-agent-1.14.11.jar:/Users/ancongui/.m2/repository/org/objenesis/objenesis/3.3/objenesis-3.3.jar:/Users/ancongui/.m2/repository/org/mockito/mockito-junit-jupiter/5.7.0/mockito-junit-jupiter-5.7.0.jar:/Users/ancongui/.m2/repository/org/skyscreamer/jsonassert/1.5.1/jsonassert-1.5.1.jar:/Users/ancongui/.m2/repository/com/vaadin/external/google/android-json/0.0.20131108.vaadin1/android-json-0.0.20131108.vaadin1.jar:/Users/ancongui/.m2/repository/org/springframework/spring-core/6.1.3/spring-core-6.1.3.jar:/Users/ancongui/.m2/repository/org/springframework/spring-jcl/6.1.3/spring-jcl-6.1.3.jar:/Users/ancongui/.m2/repository/org/springframework/spring-test/6.1.3/spring-test-6.1.3.jar:/Users/ancongui/.m2/repository/org/xmlunit/xmlunit-core/2.9.1/xmlunit-core-2.9.1.jar:/Users/ancongui/.m2/repository/io/projectreactor/reactor-test/3.6.2/reactor-test-3.6.2.jar:/Users/ancongui/.m2/repository/io/projectreactor/reactor-core/3.6.2/reactor-core-3.6.2.jar:/Users/ancongui/.m2/repository/org/testcontainers/localstack/1.19.3/localstack-1.19.3.jar:/Users/ancongui/.m2/repository/org/testcontainers/testcontainers/1.19.3/testcontainers-1.19.3.jar:/Users/ancongui/.m2/repository/junit/junit/4.13.2/junit-4.13.2.jar:/Users/ancongui/.m2/repository/org/hamcrest/hamcrest-core/2.2/hamcrest-core-2.2.jar:/Users/ancongui/.m2/repository/org/apache/commons/commons-compress/1.24.0/commons-compress-1.24.0.jar:/Users/ancongui/.m2/repository/org/rnorth/duct-tape/duct-tape/1.0.8/duct-tape-1.0.8.jar:/Users/ancongui/.m2/repository/org/jetbrains/annotations/17.0.0/annotations-17.0.0.jar:/Users/ancongui/.m2/repository/com/github/docker-java/docker-java-api/3.3.4/docker-java-api-3.3.4.jar:/Users/ancongui/.m2/repository/com/github/docker-java/docker-java-transport-zerodep/3.3.4/docker-java-transport-zerodep-3.3.4.jar:/Users/ancongui/.m2/repository/com/github/docker-java/docker-java-transport/3.3.4/docker-java-transport-3.3.4.jar:/Users/ancongui/.m2/repository/net/java/dev/jna/jna/5.13.0/jna-5.13.0.jar:/Users/ancongui/.m2/repository/org/testcontainers/junit-jupiter/1.19.3/junit-jupiter-1.19.3.jar:/Users/ancongui/.m2/repository/com/amazonaws/aws-java-sdk-cognitoidp/1.12.529/aws-java-sdk-cognitoidp-1.12.529.jar:/Users/ancongui/.m2/repository/com/amazonaws/aws-java-sdk-core/1.12.529/aws-java-sdk-core-1.12.529.jar:/Users/ancongui/.m2/repository/commons-logging/commons-logging/1.1.3/commons-logging-1.1.3.jar:/Users/ancongui/.m2/repository/software/amazon/ion/ion-java/1.0.2/ion-java-1.0.2.jar:/Users/ancongui/.m2/repository/com/fasterxml/jackson/dataformat/jackson-dataformat-cbor/2.15.3/jackson-dataformat-cbor-2.15.3.jar:/Users/ancongui/.m2/repository/joda-time/joda-time/2.8.1/joda-time-2.8.1.jar:/Users/ancongui/.m2/repository/com/amazonaws/jmespath-java/1.12.529/jmespath-java-1.12.529.jar:"/>
    <property name="java.vm.vendor" value="Homebrew"/>
    <property name="sun.arch.data.model" value="64"/>
    <property name="java.vendor.url" value="https://github.com/Homebrew/homebrew-core/issues"/>
    <property name="user.timezone" value="Europe/Madrid"/>
    <property name="os.name" value="Mac OS X"/>
    <property name="java.vm.specification.version" value="21"/>
    <property name="sun.java.launcher" value="SUN_STANDARD"/>
    <property name="user.country" value="US"/>
    <property name="sun.boot.library.path" value="/opt/homebrew/Cellar/openjdk@21/21.0.8/libexec/openjdk.jdk/Contents/Home/lib"/>
    <property name="sun.java.command" value="/Users/ancongui/Development/firefly/lib-idp-aws-cognito-impl/target/surefire/surefirebooter-20251026170939862_3.jar /Users/ancongui/Development/firefly/lib-idp-aws-cognito-impl/target/surefire 2025-10-26T17-09-39_829-jvmRun1 surefire-20251026170939862_1tmp surefire_0-20251026170939862_2tmp"/>
    <property name="http.nonProxyHosts" value="local|*.local|169.254/16|*.169.254/16"/>
    <property name="jdk.debug" value="release"/>
    <property name="surefire.test.class.path" value="/Users/ancongui/Development/firefly/lib-idp-aws-cognito-impl/target/test-classes:/Users/ancongui/Development/firefly/lib-idp-aws-cognito-impl/target/classes:/Users/ancongui/.m2/repository/com/firefly/lib-idp-adapter/1.0.0-SNAPSHOT/lib-idp-adapter-1.0.0-SNAPSHOT.jar:/Users/ancongui/.m2/repository/org/springframework/spring-webflux/6.1.3/spring-webflux-6.1.3.jar:/Users/ancongui/.m2/repository/org/springframework/spring-beans/6.1.3/spring-beans-6.1.3.jar:/Users/ancongui/.m2/repository/com/fasterxml/jackson/core/jackson-annotations/2.15.3/jackson-annotations-2.15.3.jar:/Users/ancongui/.m2/repository/com/fasterxml/jackson/core/jackson-databind/2.15.3/jackson-databind-2.15.3.jar:/Users/ancongui/.m2/repository/com/fasterxml/jackson/core/jackson-core/2.15.3/jackson-core-2.15.3.jar:/Users/ancongui/.m2/repository/software/amazon/awssdk/cognitoidentityprovider/2.20.26/cognitoidentityprovider-2.20.26.jar:/Users/ancongui/.m2/repository/software/amazon/awssdk/aws-json-protocol/2.20.26/aws-json-protocol-2.20.26.jar:/Users/ancongui/.m2/repository/software/amazon/awssdk/third-party-jackson-core/2.20.26/third-party-jackson-core-2.20.26.jar:/Users/ancongui/.m2/repository/software/amazon/awssdk/protocol-core/2.20.26/protocol-core-2.20.26.jar:/Users/ancongui/.m2/repository/software/amazon/awssdk/sdk-core/2.20.26/sdk-core-2.20.26.jar:/Users/ancongui/.m2/repository/software/amazon/awssdk/profiles/2.20.26/profiles-2.20.26.jar:/Users/ancongui/.m2/repository/org/slf4j/slf4j-api/2.0.11/slf4j-api-2.0.11.jar:/Users/ancongui/.m2/repository/org/reactivestreams/reactive-streams/1.0.4/reactive-streams-1.0.4.jar:/Users/ancongui/.m2/repository/software/amazon/awssdk/auth/2.20.26/auth-2.20.26.jar:/Users/ancongui/.m2/repository/software/amazon/eventstream/eventstream/1.0.1/eventstream-1.0.1.jar:/Users/ancongui/.m2/repository/software/amazon/awssdk/http-client-spi/2.20.26/http-client-spi-2.20.26.jar:/Users/ancongui/.m2/repository/software/amazon/awssdk/regions/2.20.26/regions-2.20.26.jar:/Users/ancongui/.m2/repository/software/amazon/awssdk/annotations/2.20.26/annotations-2.20.26.jar:/Users/ancongui/.m2/repository/software/amazon/awssdk/utils/2.20.26/utils-2.20.26.jar:/Users/ancongui/.m2/repository/software/amazon/awssdk/aws-core/2.20.26/aws-core-2.20.26.jar:/Users/ancongui/.m2/repository/software/amazon/awssdk/metrics-spi/2.20.26/metrics-spi-2.20.26.jar:/Users/ancongui/.m2/repository/software/amazon/awssdk/json-utils/2.20.26/json-utils-2.20.26.jar:/Users/ancongui/.m2/repository/software/amazon/awssdk/endpoints-spi/2.20.26/endpoints-spi-2.20.26.jar:/Users/ancongui/.m2/repository/software/amazon/awssdk/apache-client/2.20.26/apache-client-2.20.26.jar:/Users/ancongui/.m2/repository/org/apache/httpcomponents/httpclient/4.5.13/httpclient-4.5.13.jar:/Users/ancongui/.m2/repository/org/apache/httpcomponents/httpcore/4.4.16/httpcore-4.4.16.jar:/Users/ancongui/.m2/repository/commons-codec/commons-codec/1.16.0/commons-codec-1.16.0.jar:/Users/ancongui/.m2/repository/software/amazon/awssdk/netty-nio-client/2.20.26/netty-nio-client-2.20.26.jar:/Users/ancongui/.m2/repository/io/netty/netty-codec-http/4.1.105.Final/netty-codec-http-4.1.105.Final.jar:/Users/ancongui/.m2/repository/io/netty/netty-codec-http2/4.1.105.Final/netty-codec-http2-4.1.105.Final.jar:/Users/ancongui/.m2/repository/io/netty/netty-codec/4.1.105.Final/netty-codec-4.1.105.Final.jar:/Users/ancongui/.m2/repository/io/netty/netty-transport/4.1.105.Final/netty-transport-4.1.105.Final.jar:/Users/ancongui/.m2/repository/io/netty/netty-resolver/4.1.105.Final/netty-resolver-4.1.105.Final.jar:/Users/ancongui/.m2/repository/io/netty/netty-common/4.1.105.Final/netty-common-4.1.105.Final.jar:/Users/ancongui/.m2/repository/io/netty/netty-buffer/4.1.105.Final/netty-buffer-4.1.105.Final.jar:/Users/ancongui/.m2/repository/io/netty/netty-handler/4.1.105.Final/netty-handler-4.1.105.Final.jar:/Users/ancongui/.m2/repository/io/netty/netty-transport-native-unix-common/4.1.105.Final/netty-transport-native-unix-common-4.1.105.Final.jar:/Users/ancongui/.m2/repository/io/netty/netty-transport-classes-epoll/4.1.105.Final/netty-transport-classes-epoll-4.1.105.Final.jar:/Users/ancongui/.m2/repository/org/springframework/boot/spring-boot-starter-webflux/3.2.2/spring-boot-starter-webflux-3.2.2.jar:/Users/ancongui/.m2/repository/org/springframework/boot/spring-boot-starter/3.2.2/spring-boot-starter-3.2.2.jar:/Users/ancongui/.m2/repository/org/springframework/boot/spring-boot/3.2.2/spring-boot-3.2.2.jar:/Users/ancongui/.m2/repository/org/springframework/spring-context/6.1.3/spring-context-6.1.3.jar:/Users/ancongui/.m2/repository/org/springframework/spring-aop/6.1.3/spring-aop-6.1.3.jar:/Users/ancongui/.m2/repository/org/springframework/spring-expression/6.1.3/spring-expression-6.1.3.jar:/Users/ancongui/.m2/repository/org/springframework/boot/spring-boot-autoconfigure/3.2.2/spring-boot-autoconfigure-3.2.2.jar:/Users/ancongui/.m2/repository/org/springframework/boot/spring-boot-starter-logging/3.2.2/spring-boot-starter-logging-3.2.2.jar:/Users/ancongui/.m2/repository/ch/qos/logback/logback-classic/1.4.14/logback-classic-1.4.14.jar:/Users/ancongui/.m2/repository/ch/qos/logback/logback-core/1.4.14/logback-core-1.4.14.jar:/Users/ancongui/.m2/repository/org/apache/logging/log4j/log4j-to-slf4j/2.21.1/log4j-to-slf4j-2.21.1.jar:/Users/ancongui/.m2/repository/org/apache/logging/log4j/log4j-api/2.21.1/log4j-api-2.21.1.jar:/Users/ancongui/.m2/repository/org/slf4j/jul-to-slf4j/2.0.11/jul-to-slf4j-2.0.11.jar:/Users/ancongui/.m2/repository/jakarta/annotation/jakarta.annotation-api/2.1.1/jakarta.annotation-api-2.1.1.jar:/Users/ancongui/.m2/repository/org/yaml/snakeyaml/2.2/snakeyaml-2.2.jar:/Users/ancongui/.m2/repository/org/springframework/boot/spring-boot-starter-json/3.2.2/spring-boot-starter-json-3.2.2.jar:/Users/ancongui/.m2/repository/com/fasterxml/jackson/datatype/jackson-datatype-jdk8/2.15.3/jackson-datatype-jdk8-2.15.3.jar:/Users/ancongui/.m2/repository/com/fasterxml/jackson/datatype/jackson-datatype-jsr310/2.15.3/jackson-datatype-jsr310-2.15.3.jar:/Users/ancongui/.m2/repository/com/fasterxml/jackson/module/jackson-module-parameter-names/2.15.3/jackson-module-parameter-names-2.15.3.jar:/Users/ancongui/.m2/repository/org/springframework/boot/spring-boot-starter-reactor-netty/3.2.2/spring-boot-starter-reactor-netty-3.2.2.jar:/Users/ancongui/.m2/repository/io/projectreactor/netty/reactor-netty-http/1.1.15/reactor-netty-http-1.1.15.jar:/Users/ancongui/.m2/repository/io/netty/netty-resolver-dns/4.1.105.Final/netty-resolver-dns-4.1.105.Final.jar:/Users/ancongui/.m2/repository/io/netty/netty-codec-dns/4.1.105.Final/netty-codec-dns-4.1.105.Final.jar:/Users/ancongui/.m2/repository/io/netty/netty-resolver-dns-native-macos/4.1.105.Final/netty-resolver-dns-native-macos-4.1.105.Final-osx-x86_64.jar:/Users/ancongui/.m2/repository/io/netty/netty-resolver-dns-classes-macos/4.1.105.Final/netty-resolver-dns-classes-macos-4.1.105.Final.jar:/Users/ancongui/.m2/repository/io/netty/netty-transport-native-epoll/4.1.105.Final/netty-transport-native-epoll-4.1.105.Final-linux-x86_64.jar:/Users/ancongui/.m2/repository/io/projectreactor/netty/reactor-netty-core/1.1.15/reactor-netty-core-1.1.15.jar:/Users/ancongui/.m2/repository/io/netty/netty-handler-proxy/4.1.105.Final/netty-handler-proxy-4.1.105.Final.jar:/Users/ancongui/.m2/repository/io/netty/netty-codec-socks/4.1.105.Final/netty-codec-socks-4.1.105.Final.jar:/Users/ancongui/.m2/repository/org/springframework/spring-web/6.1.3/spring-web-6.1.3.jar:/Users/ancongui/.m2/repository/io/micrometer/micrometer-observation/1.12.2/micrometer-observation-1.12.2.jar:/Users/ancongui/.m2/repository/io/micrometer/micrometer-commons/1.12.2/micrometer-commons-1.12.2.jar:/Users/ancongui/.m2/repository/org/springframework/boot/spring-boot-configuration-processor/3.2.2/spring-boot-configuration-processor-3.2.2.jar:/Users/ancongui/.m2/repository/org/projectlombok/lombok/1.18.30/lombok-1.18.30.jar:/Users/ancongui/.m2/repository/jakarta/validation/jakarta.validation-api/3.0.2/jakarta.validation-api-3.0.2.jar:/Users/ancongui/.m2/repository/org/springframework/boot/spring-boot-starter-test/3.2.2/spring-boot-starter-test-3.2.2.jar:/Users/ancongui/.m2/repository/org/springframework/boot/spring-boot-test/3.2.2/spring-boot-test-3.2.2.jar:/Users/ancongui/.m2/repository/org/springframework/boot/spring-boot-test-autoconfigure/3.2.2/spring-boot-test-autoconfigure-3.2.2.jar:/Users/ancongui/.m2/repository/com/jayway/jsonpath/json-path/2.8.0/json-path-2.8.0.jar:/Users/ancongui/.m2/repository/jakarta/xml/bind/jakarta.xml.bind-api/4.0.1/jakarta.xml.bind-api-4.0.1.jar:/Users/ancongui/.m2/repository/jakarta/activation/jakarta.activation-api/2.1.2/jakarta.activation-api-2.1.2.jar:/Users/ancongui/.m2/repository/net/minidev/json-smart/2.5.0/json-smart-2.5.0.jar:/Users/ancongui/.m2/repository/net/minidev/accessors-smart/2.5.0/accessors-smart-2.5.0.jar:/Users/ancongui/.m2/repository/org/ow2/asm/asm/9.3/asm-9.3.jar:/Users/ancongui/.m2/repository/org/assertj/assertj-core/3.24.2/assertj-core-3.24.2.jar:/Users/ancongui/.m2/repository/net/bytebuddy/byte-buddy/1.14.11/byte-buddy-1.14.11.jar:/Users/ancongui/.m2/repository/org/awaitility/awaitility/4.2.0/awaitility-4.2.0.jar:/Users/ancongui/.m2/repository/org/hamcrest/hamcrest/2.2/hamcrest-2.2.jar:/Users/ancongui/.m2/repository/org/junit/jupiter/junit-jupiter/5.10.1/junit-jupiter-5.10.1.jar:/Users/ancongui/.m2/repository/org/junit/jupiter/junit-jupiter-api/5.10.1/junit-jupiter-api-5.10.1.jar:/Users/ancongui/.m2/repository/org/opentest4j/opentest4j/1.3.0/opentest4j-1.3.0.jar:/Users/ancongui/.m2/repository/org/junit/platform/junit-platform-commons/1.10.1/junit-platform-commons-1.10.1.jar:/Users/ancongui/.m2/repository/org/apiguardian/apiguardian-api/1.1.2/apiguardian-api-1.1.2.jar:/Users/ancongui/.m2/repository/org/junit/jupiter/junit-jupiter-params/5.10.1/junit-jupiter-params-5.10.1.jar:/Users/ancongui/.m2/repository/org/junit/jupiter/junit-jupiter-engine/5.10.1/junit-jupiter-engine-5.10.1.jar:/Users/ancongui/.m2/repository/org/junit/platform/junit-platform-engine/1.10.1/junit-platform-engine-1.10.1.jar:/Users/ancongui/.m2/repository/org/mockito/mockito-core/5.7.0/mockito-core-5.7.0.jar:/Users/ancongui/.m2/repository/net/bytebuddy/byte-buddy-agent/1.14.11/byte-buddy-agent-1.14.11.jar:/Users/ancongui/.m2/repository/org/objenesis/objenesis/3.3/objenesis-3.3.jar:/Users/ancongui/.m2/repository/org/mockito/mockito-junit-jupiter/5.7.0/mockito-junit-jupiter-5.7.0.jar:/Users/ancongui/.m2/repository/org/skyscreamer/jsonassert/1.5.1/jsonassert-1.5.1.jar:/Users/ancongui/.m2/repository/com/vaadin/external/google/android-json/0.0.20131108.vaadin1/android-json-0.0.20131108.vaadin1.jar:/Users/ancongui/.m2/repository/org/springframework/spring-core/6.1.3/spring-core-6.1.3.jar:/Users/ancongui/.m2/repository/org/springframework/spring-jcl/6.1.3/spring-jcl-6.1.3.jar:/Users/ancongui/.m2/repository/org/springframework/spring-test/6.1.3/spring-test-6.1.3.jar:/Users/ancongui/.m2/repository/org/xmlunit/xmlunit-core/2.9.1/xmlunit-core-2.9.1.jar:/Users/ancongui/.m2/repository/io/projectreactor/reactor-test/3.6.2/reactor-test-3.6.2.jar:/Users/ancongui/.m2/repository/io/projectreactor/reactor-core/3.6.2/reactor-core-3.6.2.jar:/Users/ancongui/.m2/repository/org/testcontainers/localstack/1.19.3/localstack-1.19.3.jar:/Users/ancongui/.m2/repository/org/testcontainers/testcontainers/1.19.3/testcontainers-1.19.3.jar:/Users/ancongui/.m2/repository/junit/junit/4.13.2/junit-4.13.2.jar:/Users/ancongui/.m2/repository/org/hamcrest/hamcrest-core/2.2/hamcrest-core-2.2.jar:/Users/ancongui/.m2/repository/org/apache/commons/commons-compress/1.24.0/commons-compress-1.24.0.jar:/Users/ancongui/.m2/repository/org/rnorth/duct-tape/duct-tape/1.0.8/duct-tape-1.0.8.jar:/Users/ancongui/.m2/repository/org/jetbrains/annotations/17.0.0/annotations-17.0.0.jar:/Users/ancongui/.m2/repository/com/github/docker-java/docker-java-api/3.3.4/docker-java-api-3.3.4.jar:/Users/ancongui/.m2/repository/com/github/docker-java/docker-java-transport-zerodep/3.3.4/docker-java-transport-zerodep-3.3.4.jar:/Users/ancongui/.m2/repository/com/github/docker-java/docker-java-transport/3.3.4/docker-java-transport-3.3.4.jar:/Users/ancongui/.m2/repository/net/java/dev/jna/jna/5.13.0/jna-5.13.0.jar:/Users/ancongui/.m2/repository/org/testcontainers/junit-jupiter/1.19.3/junit-jupiter-1.19.3.jar:/Users/ancongui/.m2/repository/com/amazonaws/aws-java-sdk-cognitoidp/1.12.529/aws-java-sdk-cognitoidp-1.12.529.jar:/Users/ancongui/.m2/repository/com/amazonaws/aws-java-sdk-core/1.12.529/aws-java-sdk-core-1.12.529.jar:/Users/ancongui/.m2/repository/commons-logging/commons-logging/1.1.3/commons-logging-1.1.3.jar:/Users/ancongui/.m2/repository/software/amazon/ion/ion-java/1.0.2/ion-java-1.0.2.jar:/Users/ancongui/.m2/repository/com/fasterxml/jackson/dataformat/jackson-dataformat-cbor/2.15.3/jackson-dataformat-cbor-2.15.3.jar:/Users/ancongui/.m2/repository/joda-time/joda-time/2.8.1/joda-time-2.8.1.jar:/Users/ancongui/.m2/repository/com/amazonaws/jmespath-java/1.12.529/jmespath-java-1.12.529.jar:"/>
    <property name="sun.cpu.endian" value="little"/>
    <property name="user.home" value="/Users/ancongui"/>
    <property name="user.language" value="en"/>
    <property name="java.specification.vendor" value="Oracle Corporation"/>
    <property name="java.version.date" value="2025-07-15"/>
    <property name="java.home" value="/opt/homebrew/Cellar/openjdk@21/21.0.8/libexec/openjdk.jdk/Contents/Home"/>
    <property name="file.separator" value="/"/>
    <property name="basedir" value="/Users/ancongui/Development/firefly/lib-idp-aws-cognito-impl"/>
    <property name="java.vm.compressedOopsMode" value="Zero based"/>
    <property name="line.separator" value="&#10;"/>
    <property name="java.vm.specification.vendor" value="Oracle Corporation"/>
    <property name="java.specification.name" value="Java Platform API Specification"/>
    <property name="apple.awt.application.name" value="ForkedBooter"/>
    <property name="surefire.real.class.path" value="/Users/ancongui/Development/firefly/lib-idp-aws-cognito-impl/target/surefire/surefirebooter-20251026170939862_3.jar"/>
    <property name="sun.management.compiler" value="HotSpot 64-Bit Tiered Compilers"/>
    <property name="ftp.nonProxyHosts" value="local|*.local|169.254/16|*.169.254/16"/>
    <property name="java.runtime.version" value="21.0.8"/>
    <property name="user.name" value="ancongui"/>
    <property name="stdout.encoding" value="UTF-8"/>
    <property name="path.separator" value=":"/>
    <property name="os.version" value="15.6.1"/>
    <property name="java.runtime.name" value="OpenJDK Runtime Environment"/>
    <property name="file.encoding" value="UTF-8"/>
    <property name="java.vm.name" value="OpenJDK 64-Bit Server VM"/>
    <property name="java.vendor.version" value="Homebrew"/>
    <property name="localRepository" value="/Users/ancongui/.m2/repository"/>
    <property name="java.vendor.url.bug" value="https://github.com/Homebrew/homebrew-core/issues"/>
    <property name="java.io.tmpdir" value="/var/folders/p2/4fl5db5j76g30_b65vv36xx40000gn/T/"/>
    <property name="java.version" value="21.0.8"/>
    <property name="user.dir" value="/Users/ancongui/Development/firefly/lib-idp-aws-cognito-impl"/>
    <property name="os.arch" value="aarch64"/>
    <property name="java.vm.specification.name" value="Java Virtual Machine Specification"/>
    <property name="native.encoding" value="UTF-8"/>
    <property name="java.library.path" value="/Users/ancongui/Library/Java/Extensions:/Library/Java/Extensions:/Network/Library/Java/Extensions:/System/Library/Java/Extensions:/usr/lib/java:."/>
    <property name="java.vm.info" value="mixed mode, sharing"/>
    <property name="stderr.encoding" value="UTF-8"/>
    <property name="java.vendor" value="Homebrew"/>
    <property name="java.vm.version" value="21.0.8"/>
    <property name="sun.io.unicode.encoding" value="UnicodeBig"/>
    <property name="socksNonProxyHosts" value="local|*.local|169.254/16|*.169.254/16"/>
    <property name="java.class.version" value="65.0"/>
  </properties>
  <testcase name="testAssignRolesToUser_Success" classname="com.firefly.idp.cognito.adapter.CognitoIdpAdapterTest" time="0.539">
    <system-err><![CDATA[WARNING: A Java agent has been loaded dynamically (/Users/ancongui/.m2/repository/net/bytebuddy/byte-buddy-agent/1.14.11/byte-buddy-agent-1.14.11.jar)
WARNING: If a serviceability tool is in use, please run with -XX:+EnableDynamicAgentLoading to hide this warning
WARNING: If a serviceability tool is not in use, please run with -Djdk.instrument.traceUsage for more information
WARNING: Dynamic loading of agents will be disallowed by default in a future release
]]></system-err>
  </testcase>
  <testcase name="testDeleteUser_Success" classname="com.firefly.idp.cognito.adapter.CognitoIdpAdapterTest" time="0.002"/>
  <testcase name="testIntrospect_Active" classname="com.firefly.idp.cognito.adapter.CognitoIdpAdapterTest" time="0.01"/>
  <testcase name="testChangePassword_Success" classname="com.firefly.idp.cognito.adapter.CognitoIdpAdapterTest" time="0.002"/>
  <testcase name="testLogin_Success" classname="com.firefly.idp.cognito.adapter.CognitoIdpAdapterTest" time="0.001"/>
  <testcase name="testRefresh_Success" classname="com.firefly.idp.cognito.adapter.CognitoIdpAdapterTest" time="0.001"/>
  <testcase name="testGetUserInfo_Success" classname="com.firefly.idp.cognito.adapter.CognitoIdpAdapterTest" time="0.001"/>
  <testcase name="testGetRoles_Success" classname="com.firefly.idp.cognito.adapter.CognitoIdpAdapterTest" time="0.002"/>
  <testcase name="testCreateUser_Success" classname="com.firefly.idp.cognito.adapter.CognitoIdpAdapterTest" time="0.001"/>
  <testcase name="testLogout_Success" classname="com.firefly.idp.cognito.adapter.CognitoIdpAdapterTest" time="0.002"/>
</testsuite>